{"numTotalTestSuites":150,"numPassedTestSuites":46,"numFailedTestSuites":104,"numPendingTestSuites":0,"numTotalTests":113,"numPassedTests":101,"numFailedTests":12,"numPendingTests":0,"numTodoTests":0,"snapshot":{"added":0,"failure":false,"filesAdded":0,"filesRemoved":0,"filesRemovedList":[],"filesUnmatched":0,"filesUpdated":0,"matched":0,"total":0,"unchecked":0,"uncheckedKeysByFile":[],"unmatched":0,"updated":0,"didUpdate":false},"startTime":1775630703868,"success":false,"testResults":[{"assertionResults":[],"startTime":1775630703868,"endTime":1775630703868,"status":"failed","message":"Cannot find package '@paperclipai/shared' imported from 'E:/moonbit/clawteam/paperclip/server/src/config-file.ts'","name":"E:/moonbit/clawteam/paperclip/server/src/__tests__/activity-routes.test.ts"},{"assertionResults":[],"startTime":1775630703868,"endTime":1775630703868,"status":"failed","message":"Cannot find package '@paperclipai/adapter-codex-local' imported from 'E:/moonbit/clawteam/paperclip/server/src/__tests__/adapter-models.test.ts'","name":"E:/moonbit/clawteam/paperclip/server/src/__tests__/adapter-models.test.ts"},{"assertionResults":[],"startTime":1775630703868,"endTime":1775630703868,"status":"failed","message":"Cannot find package '@paperclipai/adapter-utils' imported from 'E:/moonbit/clawteam/paperclip/server/src/adapters/registry.ts'","name":"E:/moonbit/clawteam/paperclip/server/src/__tests__/adapter-registry.test.ts"},{"assertionResults":[],"startTime":1775630703868,"endTime":1775630703868,"status":"failed","message":"Cannot find package '@paperclipai/adapter-utils' imported from 'E:/moonbit/clawteam/paperclip/server/src/adapters/registry.ts'","name":"E:/moonbit/clawteam/paperclip/server/src/__tests__/adapter-routes.test.ts"},{"assertionResults":[],"startTime":1775630703868,"endTime":1775630703868,"status":"failed","message":"Cannot find package '@paperclipai/adapter-claude-local/server' imported from 'E:/moonbit/clawteam/paperclip/server/src/__tests__/adapter-session-codecs.test.ts'","name":"E:/moonbit/clawteam/paperclip/server/src/__tests__/adapter-session-codecs.test.ts"},{"assertionResults":[],"startTime":1775630703868,"endTime":1775630703868,"status":"failed","message":"Cannot find package '@paperclipai/db' imported from 'E:/moonbit/clawteam/paperclip/server/src/routes/agents.ts'","name":"E:/moonbit/clawteam/paperclip/server/src/__tests__/agent-adapter-validation-routes.test.ts"},{"assertionResults":[{"ancestorTitles":["agent local JWT"],"fullName":"agent local JWT creates and verifies a token","status":"passed","title":"creates and verifies a token","duration":6.982399999999984,"failureMessages":[],"meta":{}},{"ancestorTitles":["agent local JWT"],"fullName":"agent local JWT returns null when secret is missing","status":"passed","title":"returns null when secret is missing","duration":0.9021999999999935,"failureMessages":[],"meta":{}},{"ancestorTitles":["agent local JWT"],"fullName":"agent local JWT falls back to BETTER_AUTH_SECRET when PAPERCLIP_AGENT_JWT_SECRET is absent","status":"passed","title":"falls back to BETTER_AUTH_SECRET when PAPERCLIP_AGENT_JWT_SECRET is absent","duration":0.8879000000000019,"failureMessages":[],"meta":{}},{"ancestorTitles":["agent local JWT"],"fullName":"agent local JWT rejects expired tokens","status":"passed","title":"rejects expired tokens","duration":0.5097000000000094,"failureMessages":[],"meta":{}},{"ancestorTitles":["agent local JWT"],"fullName":"agent local JWT rejects issuer/audience mismatch","status":"passed","title":"rejects issuer/audience mismatch","duration":0.6574999999999704,"failureMessages":[],"meta":{}}],"startTime":1775630710649,"endTime":1775630710658.6575,"status":"passed","message":"","name":"E:/moonbit/clawteam/paperclip/server/src/__tests__/agent-auth-jwt.test.ts"},{"assertionResults":[],"startTime":1775630703868,"endTime":1775630703868,"status":"failed","message":"Cannot find package '@paperclipai/db' imported from 'E:/moonbit/clawteam/paperclip/server/src/routes/agents.ts'","name":"E:/moonbit/clawteam/paperclip/server/src/__tests__/agent-instructions-routes.test.ts"},{"assertionResults":[{"ancestorTitles":["agent instructions service"],"fullName":"agent instructions service copies the existing bundle into the managed root when switching to managed mode","status":"passed","title":"copies the existing bundle into the managed root when switching to managed mode","duration":30.968500000000063,"failureMessages":[],"meta":{}},{"ancestorTitles":["agent instructions service"],"fullName":"agent instructions service creates the target entry file when switching to a new external root","status":"passed","title":"creates the target entry file when switching to a new external root","duration":12.913900000000012,"failureMessages":[],"meta":{}},{"ancestorTitles":["agent instructions service"],"fullName":"agent instructions service filters junk files, dependency bundles, and python caches from bundle listings and exports","status":"passed","title":"filters junk files, dependency bundles, and python caches from bundle listings and exports","duration":50.43330000000003,"failureMessages":[],"meta":{}},{"ancestorTitles":["agent instructions service"],"fullName":"agent instructions service recovers a managed bundle from disk when bundle config metadata is missing","status":"passed","title":"recovers a managed bundle from disk when bundle config metadata is missing","duration":17.4443,"failureMessages":[],"meta":{}},{"ancestorTitles":["agent instructions service"],"fullName":"agent instructions service prefers the managed bundle on disk when managed metadata points at a stale root","status":"passed","title":"prefers the managed bundle on disk when managed metadata points at a stale root","duration":12.117799999999988,"failureMessages":[],"meta":{}},{"ancestorTitles":["agent instructions service"],"fullName":"agent instructions service heals stale managed metadata when writing bundle files","status":"passed","title":"heals stale managed metadata when writing bundle files","duration":13.378400000000056,"failureMessages":[],"meta":{}},{"ancestorTitles":["agent instructions service"],"fullName":"agent instructions service heals stale managed metadata when deleting bundle files","status":"passed","title":"heals stale managed metadata when deleting bundle files","duration":12.815200000000004,"failureMessages":[],"meta":{}},{"ancestorTitles":["agent instructions service"],"fullName":"agent instructions service recovers the managed bundle when stale root metadata is present but mode is missing","status":"passed","title":"recovers the managed bundle when stale root metadata is present but mode is missing","duration":14.882499999999936,"failureMessages":[],"meta":{}}],"startTime":1775630705730,"endTime":1775630705895.8826,"status":"passed","message":"","name":"E:/moonbit/clawteam/paperclip/server/src/__tests__/agent-instructions-service.test.ts"},{"assertionResults":[],"startTime":1775630703868,"endTime":1775630703868,"status":"failed","message":"Cannot find package '@paperclipai/shared' imported from 'E:/moonbit/clawteam/paperclip/server/src/__tests__/agent-permissions-routes.test.ts'","name":"E:/moonbit/clawteam/paperclip/server/src/__tests__/agent-permissions-routes.test.ts"},{"assertionResults":[],"startTime":1775630703868,"endTime":1775630703868,"status":"failed","message":"Cannot find package '@paperclipai/db' imported from 'E:/moonbit/clawteam/paperclip/server/src/services/agents.ts'","name":"E:/moonbit/clawteam/paperclip/server/src/__tests__/agent-shortname-collision.test.ts"},{"assertionResults":[],"startTime":1775630703868,"endTime":1775630703868,"status":"failed","message":"Cannot find package '@paperclipai/shared/validators/adapter-skills' imported from 'E:/moonbit/clawteam/paperclip/server/src/__tests__/agent-skill-contract.test.ts'","name":"E:/moonbit/clawteam/paperclip/server/src/__tests__/agent-skill-contract.test.ts"},{"assertionResults":[],"startTime":1775630703868,"endTime":1775630703868,"status":"failed","message":"Cannot find package '@paperclipai/db' imported from 'E:/moonbit/clawteam/paperclip/server/src/routes/agents.ts'","name":"E:/moonbit/clawteam/paperclip/server/src/__tests__/agent-skills-routes.test.ts"},{"assertionResults":[],"startTime":1775630703868,"endTime":1775630703868,"status":"failed","message":"Cannot find package '@paperclipai/shared' imported from 'E:/moonbit/clawteam/paperclip/server/src/config-file.ts'","name":"E:/moonbit/clawteam/paperclip/server/src/__tests__/app-hmr-port.test.ts"},{"assertionResults":[],"startTime":1775630703868,"endTime":1775630703868,"status":"failed","message":"Cannot find package '@paperclipai/shared' imported from 'E:/moonbit/clawteam/paperclip/server/src/routes/approvals.ts'","name":"E:/moonbit/clawteam/paperclip/server/src/__tests__/approval-routes-idempotency.test.ts"},{"assertionResults":[],"startTime":1775630703868,"endTime":1775630703868,"status":"failed","message":"Cannot find package '@paperclipai/db' imported from 'E:/moonbit/clawteam/paperclip/server/src/services/approvals.ts'","name":"E:/moonbit/clawteam/paperclip/server/src/__tests__/approvals-service.test.ts"},{"assertionResults":[],"startTime":1775630703868,"endTime":1775630703868,"status":"failed","message":"Cannot find package '@paperclipai/shared' imported from 'E:/moonbit/clawteam/paperclip/server/src/routes/assets.ts'","name":"E:/moonbit/clawteam/paperclip/server/src/__tests__/assets.test.ts"},{"assertionResults":[{"ancestorTitles":["parseAllowedTypes"],"fullName":"parseAllowedTypes returns default image types when input is undefined","status":"passed","title":"returns default image types when input is undefined","duration":2.0593000000000075,"failureMessages":[],"meta":{}},{"ancestorTitles":["parseAllowedTypes"],"fullName":"parseAllowedTypes returns default image types when input is empty string","status":"passed","title":"returns default image types when input is empty string","duration":0.3413999999999078,"failureMessages":[],"meta":{}},{"ancestorTitles":["parseAllowedTypes"],"fullName":"parseAllowedTypes parses comma-separated types","status":"passed","title":"parses comma-separated types","duration":0.2877000000000862,"failureMessages":[],"meta":{}},{"ancestorTitles":["parseAllowedTypes"],"fullName":"parseAllowedTypes trims whitespace","status":"passed","title":"trims whitespace","duration":0.1773000000000593,"failureMessages":[],"meta":{}},{"ancestorTitles":["parseAllowedTypes"],"fullName":"parseAllowedTypes lowercases entries","status":"passed","title":"lowercases entries","duration":0.16609999999991487,"failureMessages":[],"meta":{}},{"ancestorTitles":["parseAllowedTypes"],"fullName":"parseAllowedTypes filters empty segments","status":"passed","title":"filters empty segments","duration":0.1571999999999889,"failureMessages":[],"meta":{}},{"ancestorTitles":["matchesContentType"],"fullName":"matchesContentType matches exact types","status":"passed","title":"matches exact types","duration":0.39780000000007476,"failureMessages":[],"meta":{}},{"ancestorTitles":["matchesContentType"],"fullName":"matchesContentType matches /* wildcard patterns","status":"passed","title":"matches /* wildcard patterns","duration":0.17859999999996035,"failureMessages":[],"meta":{}},{"ancestorTitles":["matchesContentType"],"fullName":"matchesContentType matches .* wildcard patterns","status":"passed","title":"matches .* wildcard patterns","duration":0.2496000000001004,"failureMessages":[],"meta":{}},{"ancestorTitles":["matchesContentType"],"fullName":"matchesContentType is case-insensitive","status":"passed","title":"is case-insensitive","duration":0.19139999999993051,"failureMessages":[],"meta":{}},{"ancestorTitles":["matchesContentType"],"fullName":"matchesContentType combines exact and wildcard patterns","status":"passed","title":"combines exact and wildcard patterns","duration":0.16060000000004493,"failureMessages":[],"meta":{}},{"ancestorTitles":["matchesContentType"],"fullName":"matchesContentType handles plain * as allow-all wildcard","status":"passed","title":"handles plain * as allow-all wildcard","duration":0.1450999999999567,"failureMessages":[],"meta":{}},{"ancestorTitles":["normalizeContentType"],"fullName":"normalizeContentType lowercases and trims explicit types","status":"passed","title":"lowercases and trims explicit types","duration":0.13220000000001164,"failureMessages":[],"meta":{}},{"ancestorTitles":["normalizeContentType"],"fullName":"normalizeContentType falls back to octet-stream when the type is missing","status":"passed","title":"falls back to octet-stream when the type is missing","duration":0.05779999999992924,"failureMessages":[],"meta":{}},{"ancestorTitles":["isInlineAttachmentContentType"],"fullName":"isInlineAttachmentContentType allows the configured inline-safe types","status":"passed","title":"allows the configured inline-safe types","duration":0.17470000000002983,"failureMessages":[],"meta":{}},{"ancestorTitles":["isInlineAttachmentContentType"],"fullName":"isInlineAttachmentContentType rejects potentially unsafe or binary download types","status":"passed","title":"rejects potentially unsafe or binary download types","duration":1.0328000000000657,"failureMessages":[],"meta":{}}],"startTime":1775630709950,"endTime":1775630709956.0327,"status":"passed","message":"","name":"E:/moonbit/clawteam/paperclip/server/src/__tests__/attachment-types.test.ts"},{"assertionResults":[{"ancestorTitles":["boardMutationGuard"],"fullName":"boardMutationGuard allows safe methods for board actor","status":"passed","title":"allows safe methods for board actor","duration":22.584699999999884,"failureMessages":[],"meta":{}},{"ancestorTitles":["boardMutationGuard"],"fullName":"boardMutationGuard blocks board mutations without trusted origin","status":"passed","title":"blocks board mutations without trusted origin","duration":3.316100000000006,"failureMessages":[],"meta":{}},{"ancestorTitles":["boardMutationGuard"],"fullName":"boardMutationGuard allows local implicit board mutations without origin","status":"passed","title":"allows local implicit board mutations without origin","duration":39.93500000000017,"failureMessages":[],"meta":{}},{"ancestorTitles":["boardMutationGuard"],"fullName":"boardMutationGuard allows board bearer-key mutations without origin","status":"passed","title":"allows board bearer-key mutations without origin","duration":5.308700000000044,"failureMessages":[],"meta":{}},{"ancestorTitles":["boardMutationGuard"],"fullName":"boardMutationGuard allows board mutations from trusted origin","status":"passed","title":"allows board mutations from trusted origin","duration":4.501700000000028,"failureMessages":[],"meta":{}},{"ancestorTitles":["boardMutationGuard"],"fullName":"boardMutationGuard allows board mutations from trusted referer origin","status":"passed","title":"allows board mutations from trusted referer origin","duration":4.253600000000006,"failureMessages":[],"meta":{}},{"ancestorTitles":["boardMutationGuard"],"fullName":"boardMutationGuard allows board mutations when x-forwarded-host matches origin","status":"passed","title":"allows board mutations when x-forwarded-host matches origin","duration":3.7835999999999785,"failureMessages":[],"meta":{}},{"ancestorTitles":["boardMutationGuard"],"fullName":"boardMutationGuard blocks board mutations when x-forwarded-host does not match origin","status":"passed","title":"blocks board mutations when x-forwarded-host does not match origin","duration":6.848199999999906,"failureMessages":[],"meta":{}},{"ancestorTitles":["boardMutationGuard"],"fullName":"boardMutationGuard does not block authenticated agent mutations","status":"passed","title":"does not block authenticated agent mutations","duration":0.5251000000000658,"failureMessages":[],"meta":{}}],"startTime":1775630710776,"endTime":1775630710867.5251,"status":"passed","message":"","name":"E:/moonbit/clawteam/paperclip/server/src/__tests__/board-mutation-guard.test.ts"},{"assertionResults":[],"startTime":1775630703868,"endTime":1775630703868,"status":"failed","message":"Cannot find package '@paperclipai/db' imported from 'E:/moonbit/clawteam/paperclip/server/src/services/budgets.ts'","name":"E:/moonbit/clawteam/paperclip/server/src/__tests__/budgets-service.test.ts"},{"assertionResults":[],"startTime":1775630703868,"endTime":1775630703868,"status":"failed","message":"Cannot find package '@paperclipai/adapter-claude-local/server' imported from 'E:/moonbit/clawteam/paperclip/server/src/__tests__/claude-local-adapter-environment.test.ts'","name":"E:/moonbit/clawteam/paperclip/server/src/__tests__/claude-local-adapter-environment.test.ts"},{"assertionResults":[],"startTime":1775630703868,"endTime":1775630703868,"status":"failed","message":"Cannot find package '@paperclipai/adapter-claude-local/server' imported from 'E:/moonbit/clawteam/paperclip/server/src/__tests__/claude-local-adapter.test.ts'","name":"E:/moonbit/clawteam/paperclip/server/src/__tests__/claude-local-adapter.test.ts"},{"assertionResults":[],"startTime":1775630703868,"endTime":1775630703868,"status":"failed","message":"Cannot find package '@paperclipai/adapter-claude-local/server' imported from 'E:/moonbit/clawteam/paperclip/server/src/__tests__/claude-local-execute.test.ts'","name":"E:/moonbit/clawteam/paperclip/server/src/__tests__/claude-local-execute.test.ts"},{"assertionResults":[],"startTime":1775630703868,"endTime":1775630703868,"status":"failed","message":"Cannot find package '@paperclipai/adapter-claude-local/server' imported from 'E:/moonbit/clawteam/paperclip/server/src/__tests__/claude-local-skill-sync.test.ts'","name":"E:/moonbit/clawteam/paperclip/server/src/__tests__/claude-local-skill-sync.test.ts"},{"assertionResults":[],"startTime":1775630703868,"endTime":1775630703868,"status":"failed","message":"Cannot find package '@paperclipai/db' imported from 'E:/moonbit/clawteam/paperclip/server/src/__tests__/cleanup-removal-service.test.ts'","name":"E:/moonbit/clawteam/paperclip/server/src/__tests__/cleanup-removal-service.test.ts"},{"assertionResults":[{"ancestorTitles":["cli auth routes"],"fullName":"cli auth routes creates a CLI auth challenge with approval metadata","status":"failed","title":"creates a CLI auth challenge with approval metadata","duration":496.0941,"failureMessages":["Error: Cannot find package '@paperclipai/db' imported from 'E:/moonbit/clawteam/paperclip/server/src/routes/access.ts'\n    at VitestExecutor._fetchModule (file:///E:/moonbit/clawteam/paperclip/node_modules/vite-node/dist/client.mjs:247:19)\n    at processTicksAndRejections (node:internal/process/task_queues:104:5)\n    at VitestExecutor.directRequest (file:///E:/moonbit/clawteam/paperclip/node_modules/vite-node/dist/client.mjs:268:44)\n    at VitestExecutor.cachedRequest (file:///E:/moonbit/clawteam/paperclip/node_modules/vite-node/dist/client.mjs:189:11)\n    at VitestExecutor.dependencyRequest (file:///E:/moonbit/clawteam/paperclip/node_modules/vite-node/dist/client.mjs:239:10)\n    at E:\\moonbit\\clawteam\\paperclip\\server\\src\\routes\\access.ts:14:1\n    at VitestExecutor.runModule (file:///E:/moonbit/clawteam/paperclip/node_modules/vite-node/dist/client.mjs:397:4)\n    at VitestExecutor.directRequest (file:///E:/moonbit/clawteam/paperclip/node_modules/vite-node/dist/client.mjs:375:3)\n    at VitestExecutor.cachedRequest (file:///E:/moonbit/clawteam/paperclip/node_modules/vite-node/dist/client.mjs:189:11)\n    at VitestExecutor.dependencyRequest (file:///E:/moonbit/clawteam/paperclip/node_modules/vite-node/dist/client.mjs:239:10)"],"meta":{}},{"ancestorTitles":["cli auth routes"],"fullName":"cli auth routes marks challenge status as requiring sign-in for anonymous viewers","status":"failed","title":"marks challenge status as requiring sign-in for anonymous viewers","duration":1.2365000000002055,"failureMessages":["Error: Cannot find package '@paperclipai/db' imported from 'E:/moonbit/clawteam/paperclip/server/src/routes/access.ts'\n    at VitestExecutor._fetchModule (file:///E:/moonbit/clawteam/paperclip/node_modules/vite-node/dist/client.mjs:247:19)\n    at processTicksAndRejections (node:internal/process/task_queues:104:5)\n    at VitestExecutor.directRequest (file:///E:/moonbit/clawteam/paperclip/node_modules/vite-node/dist/client.mjs:268:44)\n    at VitestExecutor.cachedRequest (file:///E:/moonbit/clawteam/paperclip/node_modules/vite-node/dist/client.mjs:189:11)\n    at VitestExecutor.dependencyRequest (file:///E:/moonbit/clawteam/paperclip/node_modules/vite-node/dist/client.mjs:239:10)\n    at E:\\moonbit\\clawteam\\paperclip\\server\\src\\routes\\access.ts:14:1\n    at VitestExecutor.runModule (file:///E:/moonbit/clawteam/paperclip/node_modules/vite-node/dist/client.mjs:397:4)\n    at VitestExecutor.directRequest (file:///E:/moonbit/clawteam/paperclip/node_modules/vite-node/dist/client.mjs:375:3)\n    at VitestExecutor.cachedRequest (file:///E:/moonbit/clawteam/paperclip/node_modules/vite-node/dist/client.mjs:189:11)\n    at VitestExecutor.dependencyRequest (file:///E:/moonbit/clawteam/paperclip/node_modules/vite-node/dist/client.mjs:239:10)"],"meta":{}},{"ancestorTitles":["cli auth routes"],"fullName":"cli auth routes approves a CLI auth challenge for a signed-in board user","status":"failed","title":"approves a CLI auth challenge for a signed-in board user","duration":1.090800000000172,"failureMessages":["Error: Cannot find package '@paperclipai/db' imported from 'E:/moonbit/clawteam/paperclip/server/src/routes/access.ts'\n    at VitestExecutor._fetchModule (file:///E:/moonbit/clawteam/paperclip/node_modules/vite-node/dist/client.mjs:247:19)\n    at processTicksAndRejections (node:internal/process/task_queues:104:5)\n    at VitestExecutor.directRequest (file:///E:/moonbit/clawteam/paperclip/node_modules/vite-node/dist/client.mjs:268:44)\n    at VitestExecutor.cachedRequest (file:///E:/moonbit/clawteam/paperclip/node_modules/vite-node/dist/client.mjs:189:11)\n    at VitestExecutor.dependencyRequest (file:///E:/moonbit/clawteam/paperclip/node_modules/vite-node/dist/client.mjs:239:10)\n    at E:\\moonbit\\clawteam\\paperclip\\server\\src\\routes\\access.ts:14:1\n    at VitestExecutor.runModule (file:///E:/moonbit/clawteam/paperclip/node_modules/vite-node/dist/client.mjs:397:4)\n    at VitestExecutor.directRequest (file:///E:/moonbit/clawteam/paperclip/node_modules/vite-node/dist/client.mjs:375:3)\n    at VitestExecutor.cachedRequest (file:///E:/moonbit/clawteam/paperclip/node_modules/vite-node/dist/client.mjs:189:11)\n    at VitestExecutor.dependencyRequest (file:///E:/moonbit/clawteam/paperclip/node_modules/vite-node/dist/client.mjs:239:10)"],"meta":{}},{"ancestorTitles":["cli auth routes"],"fullName":"cli auth routes logs approve activity for instance admins without company memberships","status":"failed","title":"logs approve activity for instance admins without company memberships","duration":1.720299999999952,"failureMessages":["Error: Cannot find package '@paperclipai/db' imported from 'E:/moonbit/clawteam/paperclip/server/src/routes/access.ts'\n    at VitestExecutor._fetchModule (file:///E:/moonbit/clawteam/paperclip/node_modules/vite-node/dist/client.mjs:247:19)\n    at processTicksAndRejections (node:internal/process/task_queues:104:5)\n    at VitestExecutor.directRequest (file:///E:/moonbit/clawteam/paperclip/node_modules/vite-node/dist/client.mjs:268:44)\n    at VitestExecutor.cachedRequest (file:///E:/moonbit/clawteam/paperclip/node_modules/vite-node/dist/client.mjs:189:11)\n    at VitestExecutor.dependencyRequest (file:///E:/moonbit/clawteam/paperclip/node_modules/vite-node/dist/client.mjs:239:10)\n    at E:\\moonbit\\clawteam\\paperclip\\server\\src\\routes\\access.ts:14:1\n    at VitestExecutor.runModule (file:///E:/moonbit/clawteam/paperclip/node_modules/vite-node/dist/client.mjs:397:4)\n    at VitestExecutor.directRequest (file:///E:/moonbit/clawteam/paperclip/node_modules/vite-node/dist/client.mjs:375:3)\n    at VitestExecutor.cachedRequest (file:///E:/moonbit/clawteam/paperclip/node_modules/vite-node/dist/client.mjs:189:11)\n    at VitestExecutor.dependencyRequest (file:///E:/moonbit/clawteam/paperclip/node_modules/vite-node/dist/client.mjs:239:10)"],"meta":{}},{"ancestorTitles":["cli auth routes"],"fullName":"cli auth routes logs revoke activity with resolved audit company ids","status":"failed","title":"logs revoke activity with resolved audit company ids","duration":1.5171000000000276,"failureMessages":["Error: Cannot find package '@paperclipai/db' imported from 'E:/moonbit/clawteam/paperclip/server/src/routes/access.ts'\n    at VitestExecutor._fetchModule (file:///E:/moonbit/clawteam/paperclip/node_modules/vite-node/dist/client.mjs:247:19)\n    at processTicksAndRejections (node:internal/process/task_queues:104:5)\n    at VitestExecutor.directRequest (file:///E:/moonbit/clawteam/paperclip/node_modules/vite-node/dist/client.mjs:268:44)\n    at VitestExecutor.cachedRequest (file:///E:/moonbit/clawteam/paperclip/node_modules/vite-node/dist/client.mjs:189:11)\n    at VitestExecutor.dependencyRequest (file:///E:/moonbit/clawteam/paperclip/node_modules/vite-node/dist/client.mjs:239:10)\n    at E:\\moonbit\\clawteam\\paperclip\\server\\src\\routes\\access.ts:14:1\n    at VitestExecutor.runModule (file:///E:/moonbit/clawteam/paperclip/node_modules/vite-node/dist/client.mjs:397:4)\n    at VitestExecutor.directRequest (file:///E:/moonbit/clawteam/paperclip/node_modules/vite-node/dist/client.mjs:375:3)\n    at VitestExecutor.cachedRequest (file:///E:/moonbit/clawteam/paperclip/node_modules/vite-node/dist/client.mjs:189:11)\n    at VitestExecutor.dependencyRequest (file:///E:/moonbit/clawteam/paperclip/node_modules/vite-node/dist/client.mjs:239:10)"],"meta":{}}],"startTime":1775630707194,"endTime":1775630707695.517,"status":"failed","message":"","name":"E:/moonbit/clawteam/paperclip/server/src/__tests__/cli-auth-routes.test.ts"},{"assertionResults":[],"startTime":1775630703868,"endTime":1775630703868,"status":"failed","message":"Cannot find package '@paperclipai/adapter-codex-local/server' imported from 'E:/moonbit/clawteam/paperclip/server/src/__tests__/codex-local-adapter-environment.test.ts'","name":"E:/moonbit/clawteam/paperclip/server/src/__tests__/codex-local-adapter-environment.test.ts"},{"assertionResults":[],"startTime":1775630703868,"endTime":1775630703868,"status":"failed","message":"Cannot find package '@paperclipai/adapter-codex-local/server' imported from 'E:/moonbit/clawteam/paperclip/server/src/__tests__/codex-local-adapter.test.ts'","name":"E:/moonbit/clawteam/paperclip/server/src/__tests__/codex-local-adapter.test.ts"},{"assertionResults":[],"startTime":1775630703868,"endTime":1775630703868,"status":"failed","message":"Cannot find package '@paperclipai/adapter-codex-local/server' imported from 'E:/moonbit/clawteam/paperclip/server/src/__tests__/codex-local-execute.test.ts'","name":"E:/moonbit/clawteam/paperclip/server/src/__tests__/codex-local-execute.test.ts"},{"assertionResults":[],"startTime":1775630703868,"endTime":1775630703868,"status":"failed","message":"Cannot find package '@paperclipai/adapter-codex-local/server' imported from 'E:/moonbit/clawteam/paperclip/server/src/__tests__/codex-local-skill-injection.test.ts'","name":"E:/moonbit/clawteam/paperclip/server/src/__tests__/codex-local-skill-injection.test.ts"},{"assertionResults":[],"startTime":1775630703868,"endTime":1775630703868,"status":"failed","message":"Cannot find package '@paperclipai/adapter-codex-local/server' imported from 'E:/moonbit/clawteam/paperclip/server/src/__tests__/codex-local-skill-sync.test.ts'","name":"E:/moonbit/clawteam/paperclip/server/src/__tests__/codex-local-skill-sync.test.ts"},{"assertionResults":[],"startTime":1775630703868,"endTime":1775630703868,"status":"failed","message":"Cannot find package '@paperclipai/shared' imported from 'E:/moonbit/clawteam/paperclip/server/src/routes/companies.ts'","name":"E:/moonbit/clawteam/paperclip/server/src/__tests__/companies-route-path-guard.test.ts"},{"assertionResults":[],"startTime":1775630703868,"endTime":1775630703868,"status":"failed","message":"Cannot find package '@paperclipai/shared' imported from 'E:/moonbit/clawteam/paperclip/server/src/routes/companies.ts'","name":"E:/moonbit/clawteam/paperclip/server/src/__tests__/company-branding-route.test.ts"},{"assertionResults":[{"ancestorTitles":["company portability routes"],"fullName":"company portability routes rejects non-CEO agents from CEO-safe export preview routes","status":"failed","title":"rejects non-CEO agents from CEO-safe export preview routes","duration":85.3486999999999,"failureMessages":["Error: Cannot find package '@paperclipai/shared' imported from 'E:/moonbit/clawteam/paperclip/server/src/routes/companies.ts'\n    at VitestExecutor._fetchModule (file:///E:/moonbit/clawteam/paperclip/node_modules/vite-node/dist/client.mjs:247:19)\n    at processTicksAndRejections (node:internal/process/task_queues:104:5)\n    at VitestExecutor.directRequest (file:///E:/moonbit/clawteam/paperclip/node_modules/vite-node/dist/client.mjs:268:44)\n    at VitestExecutor.cachedRequest (file:///E:/moonbit/clawteam/paperclip/node_modules/vite-node/dist/client.mjs:189:11)\n    at VitestExecutor.dependencyRequest (file:///E:/moonbit/clawteam/paperclip/node_modules/vite-node/dist/client.mjs:239:10)\n    at E:\\moonbit\\clawteam\\paperclip\\server\\src\\routes\\companies.ts:3:1\n    at VitestExecutor.runModule (file:///E:/moonbit/clawteam/paperclip/node_modules/vite-node/dist/client.mjs:397:4)\n    at VitestExecutor.directRequest (file:///E:/moonbit/clawteam/paperclip/node_modules/vite-node/dist/client.mjs:375:3)\n    at VitestExecutor.cachedRequest (file:///E:/moonbit/clawteam/paperclip/node_modules/vite-node/dist/client.mjs:189:11)\n    at VitestExecutor.dependencyRequest (file:///E:/moonbit/clawteam/paperclip/node_modules/vite-node/dist/client.mjs:239:10)"],"meta":{}},{"ancestorTitles":["company portability routes"],"fullName":"company portability routes allows CEO agents to use company-scoped export preview routes","status":"failed","title":"allows CEO agents to use company-scoped export preview routes","duration":141.54590000000007,"failureMessages":["Error: Cannot find package '@paperclipai/shared' imported from 'E:/moonbit/clawteam/paperclip/server/src/routes/companies.ts'\n    at VitestExecutor._fetchModule (file:///E:/moonbit/clawteam/paperclip/node_modules/vite-node/dist/client.mjs:247:19)\n    at processTicksAndRejections (node:internal/process/task_queues:104:5)\n    at VitestExecutor.directRequest (file:///E:/moonbit/clawteam/paperclip/node_modules/vite-node/dist/client.mjs:268:44)\n    at VitestExecutor.cachedRequest (file:///E:/moonbit/clawteam/paperclip/node_modules/vite-node/dist/client.mjs:189:11)\n    at VitestExecutor.dependencyRequest (file:///E:/moonbit/clawteam/paperclip/node_modules/vite-node/dist/client.mjs:239:10)\n    at E:\\moonbit\\clawteam\\paperclip\\server\\src\\routes\\companies.ts:3:1\n    at VitestExecutor.runModule (file:///E:/moonbit/clawteam/paperclip/node_modules/vite-node/dist/client.mjs:397:4)\n    at VitestExecutor.directRequest (file:///E:/moonbit/clawteam/paperclip/node_modules/vite-node/dist/client.mjs:375:3)\n    at VitestExecutor.cachedRequest (file:///E:/moonbit/clawteam/paperclip/node_modules/vite-node/dist/client.mjs:189:11)\n    at VitestExecutor.dependencyRequest (file:///E:/moonbit/clawteam/paperclip/node_modules/vite-node/dist/client.mjs:239:10)"],"meta":{}},{"ancestorTitles":["company portability routes"],"fullName":"company portability routes rejects replace collision strategy on CEO-safe import routes","status":"failed","title":"rejects replace collision strategy on CEO-safe import routes","duration":8.3904,"failureMessages":["Error: Cannot find package '@paperclipai/shared' imported from 'E:/moonbit/clawteam/paperclip/server/src/routes/companies.ts'\n    at VitestExecutor._fetchModule (file:///E:/moonbit/clawteam/paperclip/node_modules/vite-node/dist/client.mjs:247:19)\n    at processTicksAndRejections (node:internal/process/task_queues:104:5)\n    at VitestExecutor.directRequest (file:///E:/moonbit/clawteam/paperclip/node_modules/vite-node/dist/client.mjs:268:44)\n    at VitestExecutor.cachedRequest (file:///E:/moonbit/clawteam/paperclip/node_modules/vite-node/dist/client.mjs:189:11)\n    at VitestExecutor.dependencyRequest (file:///E:/moonbit/clawteam/paperclip/node_modules/vite-node/dist/client.mjs:239:10)\n    at E:\\moonbit\\clawteam\\paperclip\\server\\src\\routes\\companies.ts:3:1\n    at VitestExecutor.runModule (file:///E:/moonbit/clawteam/paperclip/node_modules/vite-node/dist/client.mjs:397:4)\n    at VitestExecutor.directRequest (file:///E:/moonbit/clawteam/paperclip/node_modules/vite-node/dist/client.mjs:375:3)\n    at VitestExecutor.cachedRequest (file:///E:/moonbit/clawteam/paperclip/node_modules/vite-node/dist/client.mjs:189:11)\n    at VitestExecutor.dependencyRequest (file:///E:/moonbit/clawteam/paperclip/node_modules/vite-node/dist/client.mjs:239:10)"],"meta":{}},{"ancestorTitles":["company portability routes"],"fullName":"company portability routes keeps global import preview routes board-only","status":"failed","title":"keeps global import preview routes board-only","duration":7.712800000000016,"failureMessages":["Error: Cannot find package '@paperclipai/shared' imported from 'E:/moonbit/clawteam/paperclip/server/src/routes/companies.ts'\n    at VitestExecutor._fetchModule (file:///E:/moonbit/clawteam/paperclip/node_modules/vite-node/dist/client.mjs:247:19)\n    at processTicksAndRejections (node:internal/process/task_queues:104:5)\n    at VitestExecutor.directRequest (file:///E:/moonbit/clawteam/paperclip/node_modules/vite-node/dist/client.mjs:268:44)\n    at VitestExecutor.cachedRequest (file:///E:/moonbit/clawteam/paperclip/node_modules/vite-node/dist/client.mjs:189:11)\n    at VitestExecutor.dependencyRequest (file:///E:/moonbit/clawteam/paperclip/node_modules/vite-node/dist/client.mjs:239:10)\n    at E:\\moonbit\\clawteam\\paperclip\\server\\src\\routes\\companies.ts:3:1\n    at VitestExecutor.runModule (file:///E:/moonbit/clawteam/paperclip/node_modules/vite-node/dist/client.mjs:397:4)\n    at VitestExecutor.directRequest (file:///E:/moonbit/clawteam/paperclip/node_modules/vite-node/dist/client.mjs:375:3)\n    at VitestExecutor.cachedRequest (file:///E:/moonbit/clawteam/paperclip/node_modules/vite-node/dist/client.mjs:189:11)\n    at VitestExecutor.dependencyRequest (file:///E:/moonbit/clawteam/paperclip/node_modules/vite-node/dist/client.mjs:239:10)"],"meta":{}}],"startTime":1775630707832,"endTime":1775630708075.713,"status":"failed","message":"","name":"E:/moonbit/clawteam/paperclip/server/src/__tests__/company-portability-routes.test.ts"},{"assertionResults":[],"startTime":1775630703868,"endTime":1775630703868,"status":"failed","message":"Cannot find package '@paperclipai/shared' imported from 'E:/moonbit/clawteam/paperclip/server/src/services/company-portability.ts'","name":"E:/moonbit/clawteam/paperclip/server/src/__tests__/company-portability.test.ts"},{"assertionResults":[],"startTime":1775630703868,"endTime":1775630703868,"status":"failed","message":"Cannot find package '@paperclipai/shared' imported from 'E:/moonbit/clawteam/paperclip/server/src/routes/company-skills.ts'","name":"E:/moonbit/clawteam/paperclip/server/src/__tests__/company-skills-routes.test.ts"},{"assertionResults":[],"startTime":1775630703868,"endTime":1775630703868,"status":"failed","message":"Cannot find package '@paperclipai/db' imported from 'E:/moonbit/clawteam/paperclip/server/src/services/company-skills.ts'","name":"E:/moonbit/clawteam/paperclip/server/src/__tests__/company-skills.test.ts"},{"assertionResults":[],"startTime":1775630703868,"endTime":1775630703868,"status":"failed","message":"Cannot find package '@paperclipai/shared' imported from 'E:/moonbit/clawteam/paperclip/server/src/routes/costs.ts'","name":"E:/moonbit/clawteam/paperclip/server/src/__tests__/costs-service.test.ts"},{"assertionResults":[],"startTime":1775630703868,"endTime":1775630703868,"status":"failed","message":"Cannot find package '@paperclipai/adapter-cursor-local/server' imported from 'E:/moonbit/clawteam/paperclip/server/src/__tests__/cursor-local-adapter-environment.test.ts'","name":"E:/moonbit/clawteam/paperclip/server/src/__tests__/cursor-local-adapter-environment.test.ts"},{"assertionResults":[],"startTime":1775630703868,"endTime":1775630703868,"status":"failed","message":"Cannot find package '@paperclipai/adapter-cursor-local/server' imported from 'E:/moonbit/clawteam/paperclip/server/src/__tests__/cursor-local-adapter.test.ts'","name":"E:/moonbit/clawteam/paperclip/server/src/__tests__/cursor-local-adapter.test.ts"},{"assertionResults":[],"startTime":1775630703868,"endTime":1775630703868,"status":"failed","message":"Cannot find package '@paperclipai/adapter-cursor-local/server' imported from 'E:/moonbit/clawteam/paperclip/server/src/__tests__/cursor-local-execute.test.ts'","name":"E:/moonbit/clawteam/paperclip/server/src/__tests__/cursor-local-execute.test.ts"},{"assertionResults":[],"startTime":1775630703868,"endTime":1775630703868,"status":"failed","message":"Cannot find package '@paperclipai/adapter-cursor-local/server' imported from 'E:/moonbit/clawteam/paperclip/server/src/__tests__/cursor-local-skill-injection.test.ts'","name":"E:/moonbit/clawteam/paperclip/server/src/__tests__/cursor-local-skill-injection.test.ts"},{"assertionResults":[],"startTime":1775630703868,"endTime":1775630703868,"status":"failed","message":"Cannot find package '@paperclipai/adapter-cursor-local/server' imported from 'E:/moonbit/clawteam/paperclip/server/src/__tests__/cursor-local-skill-sync.test.ts'","name":"E:/moonbit/clawteam/paperclip/server/src/__tests__/cursor-local-skill-sync.test.ts"},{"assertionResults":[{"ancestorTitles":["createCapturedOutputBuffer"],"fullName":"createCapturedOutputBuffer keeps small output unchanged","status":"passed","title":"keeps small output unchanged","duration":2.1202999999999292,"failureMessages":[],"meta":{}},{"ancestorTitles":["createCapturedOutputBuffer"],"fullName":"createCapturedOutputBuffer retains only the bounded tail when output grows large","status":"passed","title":"retains only the bounded tail when output grows large","duration":0.5964000000000169,"failureMessages":[],"meta":{}},{"ancestorTitles":["createCapturedOutputBuffer"],"fullName":"createCapturedOutputBuffer parses bounded JSON responses","status":"passed","title":"parses bounded JSON responses","duration":10.817900000000009,"failureMessages":[],"meta":{}},{"ancestorTitles":["createCapturedOutputBuffer"],"fullName":"createCapturedOutputBuffer rejects oversized JSON responses before parsing them","status":"passed","title":"rejects oversized JSON responses before parsing them","duration":1.8366999999999507,"failureMessages":[],"meta":{}}],"startTime":1775630713690,"endTime":1775630713705.8367,"status":"passed","message":"","name":"E:/moonbit/clawteam/paperclip/server/src/__tests__/dev-runner-output.test.ts"},{"assertionResults":[{"ancestorTitles":["shouldTrackDevServerPath"],"fullName":"shouldTrackDevServerPath ignores repo-local Paperclip state and common test file paths","status":"passed","title":"ignores repo-local Paperclip state and common test file paths","duration":1.8111999999999853,"failureMessages":[],"meta":{}},{"ancestorTitles":["shouldTrackDevServerPath"],"fullName":"shouldTrackDevServerPath keeps runtime paths restart-relevant","status":"passed","title":"keeps runtime paths restart-relevant","duration":0.2989000000000033,"failureMessages":[],"meta":{}}],"startTime":1775630714343,"endTime":1775630714344.8113,"status":"passed","message":"","name":"E:/moonbit/clawteam/paperclip/server/src/__tests__/dev-runner-paths.test.ts"},{"assertionResults":[{"ancestorTitles":["dev server status helpers"],"fullName":"dev server status helpers reads and normalizes persisted supervisor state","status":"passed","title":"reads and normalizes persisted supervisor state","duration":5.064799999999991,"failureMessages":[],"meta":{}},{"ancestorTitles":["dev server status helpers"],"fullName":"dev server status helpers derives waiting-for-idle health state","status":"passed","title":"derives waiting-for-idle health state","duration":0.9483999999999924,"failureMessages":[],"meta":{}},{"ancestorTitles":["dev server status helpers"],"fullName":"dev server status helpers ignores oversized persisted status files","status":"passed","title":"ignores oversized persisted status files","duration":2.0416999999999916,"failureMessages":[],"meta":{}}],"startTime":1775630712383,"endTime":1775630712392.0417,"status":"passed","message":"","name":"E:/moonbit/clawteam/paperclip/server/src/__tests__/dev-server-status.test.ts"},{"assertionResults":[{"ancestorTitles":["resolveServerDevWatchIgnorePaths"],"fullName":"resolveServerDevWatchIgnorePaths includes both the worktree UI paths and their real shared targets","status":"failed","title":"includes both the worktree UI paths and their real shared targets","duration":9.4769,"failureMessages":["Error: EPERM: operation not permitted, symlink 'F:\\Temp\\paperclip-dev-watch-gWjwEy\\shared-ui\\node_modules' -> 'F:\\Temp\\paperclip-dev-watch-gWjwEy\\repo\\.paperclip\\worktrees\\PAP-884\\ui\\node_modules'\n    at Object.symlinkSync (node:fs:1853:11)\n    at E:\\moonbit\\clawteam\\paperclip\\server\\src\\__tests__\\dev-watch-ignore.test.ts:21:8\n    at file:///E:/moonbit/clawteam/paperclip/node_modules/@vitest/runner/dist/chunk-hooks.js:155:11\n    at file:///E:/moonbit/clawteam/paperclip/node_modules/@vitest/runner/dist/chunk-hooks.js:752:26\n    at file:///E:/moonbit/clawteam/paperclip/node_modules/@vitest/runner/dist/chunk-hooks.js:1897:20\n    at new Promise (<anonymous>)\n    at runWithTimeout (file:///E:/moonbit/clawteam/paperclip/node_modules/@vitest/runner/dist/chunk-hooks.js:1863:10)\n    at runTest (file:///E:/moonbit/clawteam/paperclip/node_modules/@vitest/runner/dist/chunk-hooks.js:1574:12)\n    at processTicksAndRejections (node:internal/process/task_queues:104:5)\n    at runSuite (file:///E:/moonbit/clawteam/paperclip/node_modules/@vitest/runner/dist/chunk-hooks.js:1729:8)"],"meta":{}}],"startTime":1775630712384,"endTime":1775630712393.4768,"status":"failed","message":"","name":"E:/moonbit/clawteam/paperclip/server/src/__tests__/dev-watch-ignore.test.ts"},{"assertionResults":[],"startTime":1775630703868,"endTime":1775630703868,"status":"failed","message":"Cannot find package '@paperclipai/db' imported from 'E:/moonbit/clawteam/paperclip/server/src/services/documents.ts'","name":"E:/moonbit/clawteam/paperclip/server/src/__tests__/documents.test.ts"},{"assertionResults":[],"startTime":1775630703868,"endTime":1775630703868,"status":"failed","message":"Cannot find package '@paperclipai/shared/telemetry' imported from 'E:/moonbit/clawteam/paperclip/server/src/middleware/error-handler.ts'","name":"E:/moonbit/clawteam/paperclip/server/src/__tests__/error-handler.test.ts"},{"assertionResults":[],"startTime":1775630703868,"endTime":1775630703868,"status":"failed","message":"Cannot find package '@paperclipai/shared' imported from 'E:/moonbit/clawteam/paperclip/server/src/config-file.ts'","name":"E:/moonbit/clawteam/paperclip/server/src/__tests__/execution-workspace-policy.test.ts"},{"assertionResults":[],"startTime":1775630703868,"endTime":1775630703868,"status":"failed","message":"Cannot find package '@paperclipai/db' imported from 'E:/moonbit/clawteam/paperclip/server/src/__tests__/execution-workspaces-service.test.ts'","name":"E:/moonbit/clawteam/paperclip/server/src/__tests__/execution-workspaces-service.test.ts"},{"assertionResults":[{"ancestorTitles":["Express 5 /api/auth wildcard route"],"fullName":"Express 5 /api/auth wildcard route matches a shallow auth sub-path (sign-in/email)","status":"passed","title":"matches a shallow auth sub-path (sign-in/email)","duration":26.455100000000016,"failureMessages":[],"meta":{}},{"ancestorTitles":["Express 5 /api/auth wildcard route"],"fullName":"Express 5 /api/auth wildcard route matches a deep auth sub-path (callback/credentials/sign-in)","status":"passed","title":"matches a deep auth sub-path (callback/credentials/sign-in)","duration":4.89569999999992,"failureMessages":[],"meta":{}},{"ancestorTitles":["Express 5 /api/auth wildcard route"],"fullName":"Express 5 /api/auth wildcard route does not match unrelated paths outside /api/auth","status":"passed","title":"does not match unrelated paths outside /api/auth","duration":5.4909999999999854,"failureMessages":[],"meta":{}},{"ancestorTitles":["Express 5 /api/auth wildcard route"],"fullName":"Express 5 /api/auth wildcard route invokes the handler for every matched sub-path","status":"passed","title":"invokes the handler for every matched sub-path","duration":7.981300000000033,"failureMessages":[],"meta":{}}],"startTime":1775630713408,"endTime":1775630713452.9812,"status":"passed","message":"","name":"E:/moonbit/clawteam/paperclip/server/src/__tests__/express5-auth-wildcard.test.ts"},{"assertionResults":[],"startTime":1775630703868,"endTime":1775630703868,"status":"failed","message":"Cannot find package '@paperclipai/adapter-utils/server-utils' imported from 'E:/moonbit/clawteam/paperclip/server/src/__tests__/feedback-service.test.ts'","name":"E:/moonbit/clawteam/paperclip/server/src/__tests__/feedback-service.test.ts"},{"assertionResults":[{"ancestorTitles":["feedback trace share client"],"fullName":"feedback trace share client defaults to telemetry.paperclip.ing when no backend url is configured","status":"passed","title":"defaults to telemetry.paperclip.ing when no backend url is configured","duration":8.68139999999994,"failureMessages":[],"meta":{}},{"ancestorTitles":["feedback trace share client"],"fullName":"feedback trace share client wraps the feedback trace payload as gzip+base64 json before upload","status":"passed","title":"wraps the feedback trace payload as gzip+base64 json before upload","duration":2.65199999999993,"failureMessages":[],"meta":{}}],"startTime":1775630711523,"endTime":1775630711534.652,"status":"passed","message":"","name":"E:/moonbit/clawteam/paperclip/server/src/__tests__/feedback-share-client.test.ts"},{"assertionResults":[],"startTime":1775630703868,"endTime":1775630703868,"status":"failed","message":"Invalid or unexpected token","name":"E:/moonbit/clawteam/paperclip/server/src/__tests__/forbidden-tokens.test.ts"},{"assertionResults":[],"startTime":1775630703868,"endTime":1775630703868,"status":"failed","message":"Cannot find package '@paperclipai/adapter-gemini-local/server' imported from 'E:/moonbit/clawteam/paperclip/server/src/__tests__/gemini-local-adapter-environment.test.ts'","name":"E:/moonbit/clawteam/paperclip/server/src/__tests__/gemini-local-adapter-environment.test.ts"},{"assertionResults":[],"startTime":1775630703868,"endTime":1775630703868,"status":"failed","message":"Cannot find package '@paperclipai/adapter-gemini-local/server' imported from 'E:/moonbit/clawteam/paperclip/server/src/__tests__/gemini-local-adapter.test.ts'","name":"E:/moonbit/clawteam/paperclip/server/src/__tests__/gemini-local-adapter.test.ts"},{"assertionResults":[],"startTime":1775630703868,"endTime":1775630703868,"status":"failed","message":"Cannot find package '@paperclipai/adapter-gemini-local/server' imported from 'E:/moonbit/clawteam/paperclip/server/src/__tests__/gemini-local-execute.test.ts'","name":"E:/moonbit/clawteam/paperclip/server/src/__tests__/gemini-local-execute.test.ts"},{"assertionResults":[],"startTime":1775630703868,"endTime":1775630703868,"status":"failed","message":"Cannot find package '@paperclipai/adapter-gemini-local/server' imported from 'E:/moonbit/clawteam/paperclip/server/src/__tests__/gemini-local-skill-sync.test.ts'","name":"E:/moonbit/clawteam/paperclip/server/src/__tests__/gemini-local-skill-sync.test.ts"},{"assertionResults":[],"startTime":1775630703868,"endTime":1775630703868,"status":"failed","message":"Cannot find package '@paperclipai/db' imported from 'E:/moonbit/clawteam/paperclip/server/src/routes/health.ts'","name":"E:/moonbit/clawteam/paperclip/server/src/__tests__/health.test.ts"},{"assertionResults":[],"startTime":1775630703868,"endTime":1775630703868,"status":"failed","message":"Cannot find package '@paperclipai/db' imported from 'E:/moonbit/clawteam/paperclip/server/src/__tests__/heartbeat-comment-wake-batching.test.ts'","name":"E:/moonbit/clawteam/paperclip/server/src/__tests__/heartbeat-comment-wake-batching.test.ts"},{"assertionResults":[],"startTime":1775630703868,"endTime":1775630703868,"status":"failed","message":"Cannot find package '@paperclipai/db' imported from 'E:/moonbit/clawteam/paperclip/server/src/__tests__/heartbeat-process-recovery.test.ts'","name":"E:/moonbit/clawteam/paperclip/server/src/__tests__/heartbeat-process-recovery.test.ts"},{"assertionResults":[],"startTime":1775630703868,"endTime":1775630703868,"status":"failed","message":"Cannot find package '@paperclipai/db' imported from 'E:/moonbit/clawteam/paperclip/server/src/services/heartbeat.ts'","name":"E:/moonbit/clawteam/paperclip/server/src/__tests__/heartbeat-project-env.test.ts"},{"assertionResults":[{"ancestorTitles":["summarizeHeartbeatRunResultJson"],"fullName":"summarizeHeartbeatRunResultJson truncates text fields and preserves cost aliases","status":"passed","title":"truncates text fields and preserves cost aliases","duration":1.9039999999999964,"failureMessages":[],"meta":{}},{"ancestorTitles":["summarizeHeartbeatRunResultJson"],"fullName":"summarizeHeartbeatRunResultJson returns null for non-object and irrelevant payloads","status":"passed","title":"returns null for non-object and irrelevant payloads","duration":0.26400000000001,"failureMessages":[],"meta":{}},{"ancestorTitles":["buildHeartbeatRunIssueComment"],"fullName":"buildHeartbeatRunIssueComment uses the final summary text for issue comments on successful runs","status":"passed","title":"uses the final summary text for issue comments on successful runs","duration":0.4057999999999993,"failureMessages":[],"meta":{}},{"ancestorTitles":["buildHeartbeatRunIssueComment"],"fullName":"buildHeartbeatRunIssueComment falls back to result or message when summary is missing","status":"passed","title":"falls back to result or message when summary is missing","duration":0.23429999999996198,"failureMessages":[],"meta":{}},{"ancestorTitles":["buildHeartbeatRunIssueComment"],"fullName":"buildHeartbeatRunIssueComment returns null when there is no usable final text","status":"passed","title":"returns null when there is no usable final text","duration":0.12590000000000146,"failureMessages":[],"meta":{}}],"startTime":1775630713234,"endTime":1775630713237.4058,"status":"passed","message":"","name":"E:/moonbit/clawteam/paperclip/server/src/__tests__/heartbeat-run-summary.test.ts"},{"assertionResults":[],"startTime":1775630703868,"endTime":1775630703868,"status":"failed","message":"Cannot find package '@paperclipai/adapter-codex-local/server' imported from 'E:/moonbit/clawteam/paperclip/server/src/__tests__/heartbeat-workspace-session.test.ts'","name":"E:/moonbit/clawteam/paperclip/server/src/__tests__/heartbeat-workspace-session.test.ts"},{"assertionResults":[],"startTime":1775630703868,"endTime":1775630703868,"status":"failed","message":"Cannot find package '@paperclipai/db' imported from 'E:/moonbit/clawteam/paperclip/server/src/services/hire-hook.ts'","name":"E:/moonbit/clawteam/paperclip/server/src/__tests__/hire-hook.test.ts"},{"assertionResults":[],"startTime":1775630703868,"endTime":1775630703868,"status":"failed","message":"Cannot find package '@paperclipai/shared' imported from 'E:/moonbit/clawteam/paperclip/server/src/config-file.ts'","name":"E:/moonbit/clawteam/paperclip/server/src/__tests__/instance-settings-routes.test.ts"},{"assertionResults":[],"startTime":1775630703868,"endTime":1775630703868,"status":"failed","message":"Cannot find package '@paperclipai/db' imported from 'E:/moonbit/clawteam/paperclip/server/src/routes/access.ts'","name":"E:/moonbit/clawteam/paperclip/server/src/__tests__/invite-accept-gateway-defaults.test.ts"},{"assertionResults":[],"startTime":1775630703868,"endTime":1775630703868,"status":"failed","message":"Cannot find package '@paperclipai/db' imported from 'E:/moonbit/clawteam/paperclip/server/src/routes/access.ts'","name":"E:/moonbit/clawteam/paperclip/server/src/__tests__/invite-accept-replay.test.ts"},{"assertionResults":[],"startTime":1775630703868,"endTime":1775630703868,"status":"failed","message":"Cannot find package '@paperclipai/db' imported from 'E:/moonbit/clawteam/paperclip/server/src/routes/access.ts'","name":"E:/moonbit/clawteam/paperclip/server/src/__tests__/invite-expiry.test.ts"},{"assertionResults":[],"startTime":1775630703868,"endTime":1775630703868,"status":"failed","message":"Cannot find package '@paperclipai/db' imported from 'E:/moonbit/clawteam/paperclip/server/src/routes/access.ts'","name":"E:/moonbit/clawteam/paperclip/server/src/__tests__/invite-join-grants.test.ts"},{"assertionResults":[],"startTime":1775630703868,"endTime":1775630703868,"status":"failed","message":"Cannot find package '@paperclipai/db' imported from 'E:/moonbit/clawteam/paperclip/server/src/routes/access.ts'","name":"E:/moonbit/clawteam/paperclip/server/src/__tests__/invite-join-manager.test.ts"},{"assertionResults":[],"startTime":1775630703868,"endTime":1775630703868,"status":"failed","message":"Cannot find package '@paperclipai/db' imported from 'E:/moonbit/clawteam/paperclip/server/src/routes/access.ts'","name":"E:/moonbit/clawteam/paperclip/server/src/__tests__/invite-onboarding-text.test.ts"},{"assertionResults":[],"startTime":1775630703868,"endTime":1775630703868,"status":"failed","message":"Cannot find package '@paperclipai/shared' imported from 'E:/moonbit/clawteam/paperclip/server/src/config-file.ts'","name":"E:/moonbit/clawteam/paperclip/server/src/__tests__/issue-attachment-routes.test.ts"},{"assertionResults":[],"startTime":1775630703868,"endTime":1775630703868,"status":"failed","message":"Cannot find package '@paperclipai/db' imported from 'E:/moonbit/clawteam/paperclip/server/src/routes/issues.ts'","name":"E:/moonbit/clawteam/paperclip/server/src/__tests__/issue-closed-workspace-routes.test.ts"},{"assertionResults":[],"startTime":1775630703868,"endTime":1775630703868,"status":"failed","message":"Cannot find package '@paperclipai/db' imported from 'E:/moonbit/clawteam/paperclip/server/src/routes/issues.ts'","name":"E:/moonbit/clawteam/paperclip/server/src/__tests__/issue-comment-reopen-routes.test.ts"},{"assertionResults":[],"startTime":1775630703868,"endTime":1775630703868,"status":"failed","message":"Cannot find package '@paperclipai/db' imported from 'E:/moonbit/clawteam/paperclip/server/src/routes/issues.ts'","name":"E:/moonbit/clawteam/paperclip/server/src/__tests__/issue-dependency-wakeups-routes.test.ts"},{"assertionResults":[],"startTime":1775630703868,"endTime":1775630703868,"status":"failed","message":"Cannot find package '@paperclipai/db' imported from 'E:/moonbit/clawteam/paperclip/server/src/routes/issues.ts'","name":"E:/moonbit/clawteam/paperclip/server/src/__tests__/issue-document-restore-routes.test.ts"},{"assertionResults":[],"startTime":1775630703868,"endTime":1775630703868,"status":"failed","message":"Cannot find package '@paperclipai/shared' imported from 'E:/moonbit/clawteam/paperclip/server/src/services/issue-execution-policy.ts'","name":"E:/moonbit/clawteam/paperclip/server/src/__tests__/issue-execution-policy.test.ts"},{"assertionResults":[],"startTime":1775630703868,"endTime":1775630703868,"status":"failed","message":"Cannot find package '@paperclipai/shared' imported from 'E:/moonbit/clawteam/paperclip/server/src/config-file.ts'","name":"E:/moonbit/clawteam/paperclip/server/src/__tests__/issue-feedback-routes.test.ts"},{"assertionResults":[{"ancestorTitles":["issue goal fallback"],"fullName":"issue goal fallback assigns the company goal when creating an issue without project or goal","status":"passed","title":"assigns the company goal when creating an issue without project or goal","duration":1.2514999999999645,"failureMessages":[],"meta":{}},{"ancestorTitles":["issue goal fallback"],"fullName":"issue goal fallback keeps an explicit goal when creating an issue","status":"passed","title":"keeps an explicit goal when creating an issue","duration":0.15559999999999263,"failureMessages":[],"meta":{}},{"ancestorTitles":["issue goal fallback"],"fullName":"issue goal fallback inherits the project goal when creating a project-linked issue","status":"passed","title":"inherits the project goal when creating a project-linked issue","duration":0.11880000000002156,"failureMessages":[],"meta":{}},{"ancestorTitles":["issue goal fallback"],"fullName":"issue goal fallback does not force a company goal when the project has no goal","status":"passed","title":"does not force a company goal when the project has no goal","duration":0.10160000000001901,"failureMessages":[],"meta":{}},{"ancestorTitles":["issue goal fallback"],"fullName":"issue goal fallback backfills the company goal on update for legacy no-project issues","status":"passed","title":"backfills the company goal on update for legacy no-project issues","duration":0.1330000000000382,"failureMessages":[],"meta":{}},{"ancestorTitles":["issue goal fallback"],"fullName":"issue goal fallback switches from the company fallback to the project goal when a project is added later","status":"passed","title":"switches from the company fallback to the project goal when a project is added later","duration":0.1360000000000241,"failureMessages":[],"meta":{}},{"ancestorTitles":["issue goal fallback"],"fullName":"issue goal fallback backfills the project goal for legacy project-linked issues on update","status":"passed","title":"backfills the project goal for legacy project-linked issues on update","duration":0.12459999999998672,"failureMessages":[],"meta":{}},{"ancestorTitles":["issue goal fallback"],"fullName":"issue goal fallback preserves an explicit goal across project fallback changes","status":"passed","title":"preserves an explicit goal across project fallback changes","duration":0.10849999999999227,"failureMessages":[],"meta":{}}],"startTime":1775630712078,"endTime":1775630712080.1555,"status":"passed","message":"","name":"E:/moonbit/clawteam/paperclip/server/src/__tests__/issue-goal-fallback.test.ts"},{"assertionResults":[],"startTime":1775630703868,"endTime":1775630703868,"status":"failed","message":"Cannot find package '@paperclipai/db' imported from 'E:/moonbit/clawteam/paperclip/server/src/routes/issues.ts'","name":"E:/moonbit/clawteam/paperclip/server/src/__tests__/issue-telemetry-routes.test.ts"},{"assertionResults":[{"ancestorTitles":["shouldWakeAssigneeOnCheckout"],"fullName":"shouldWakeAssigneeOnCheckout keeps wakeup behavior for board actors","status":"passed","title":"keeps wakeup behavior for board actors","duration":1.4008000000000038,"failureMessages":[],"meta":{}},{"ancestorTitles":["shouldWakeAssigneeOnCheckout"],"fullName":"shouldWakeAssigneeOnCheckout skips wakeup for agent self-checkout in an active run","status":"passed","title":"skips wakeup for agent self-checkout in an active run","duration":0.23310000000003583,"failureMessages":[],"meta":{}},{"ancestorTitles":["shouldWakeAssigneeOnCheckout"],"fullName":"shouldWakeAssigneeOnCheckout still wakes when checkout run id is missing","status":"passed","title":"still wakes when checkout run id is missing","duration":0.17570000000000618,"failureMessages":[],"meta":{}},{"ancestorTitles":["shouldWakeAssigneeOnCheckout"],"fullName":"shouldWakeAssigneeOnCheckout still wakes when agent checks out on behalf of another agent id","status":"passed","title":"still wakes when agent checks out on behalf of another agent id","duration":0.12879999999995562,"failureMessages":[],"meta":{}}],"startTime":1775630714507,"endTime":1775630714509.1758,"status":"passed","message":"","name":"E:/moonbit/clawteam/paperclip/server/src/__tests__/issues-checkout-wakeup.test.ts"},{"assertionResults":[],"startTime":1775630703868,"endTime":1775630703868,"status":"failed","message":"Cannot find package '@paperclipai/db' imported from 'E:/moonbit/clawteam/paperclip/server/src/routes/issues.ts'","name":"E:/moonbit/clawteam/paperclip/server/src/__tests__/issues-goal-context-routes.test.ts"},{"assertionResults":[],"startTime":1775630703868,"endTime":1775630703868,"status":"failed","message":"Cannot find package '@paperclipai/db' imported from 'E:/moonbit/clawteam/paperclip/server/src/__tests__/issues-service.test.ts'","name":"E:/moonbit/clawteam/paperclip/server/src/__tests__/issues-service.test.ts"},{"assertionResults":[],"startTime":1775630703868,"endTime":1775630703868,"status":"failed","message":"Cannot find package '@paperclipai/db' imported from 'E:/moonbit/clawteam/paperclip/server/src/services/issues.ts'","name":"E:/moonbit/clawteam/paperclip/server/src/__tests__/issues-user-context.test.ts"},{"assertionResults":[{"ancestorTitles":["log redaction"],"fullName":"log redaction redacts the active username inside home-directory paths","status":"passed","title":"redacts the active username inside home-directory paths","duration":4.643900000000031,"failureMessages":[],"meta":{}},{"ancestorTitles":["log redaction"],"fullName":"log redaction redacts standalone username mentions without mangling larger tokens","status":"passed","title":"redacts standalone username mentions without mangling larger tokens","duration":0.3120999999999867,"failureMessages":[],"meta":{}},{"ancestorTitles":["log redaction"],"fullName":"log redaction recursively redacts nested event payloads","status":"passed","title":"recursively redacts nested event payloads","duration":1.221400000000017,"failureMessages":[],"meta":{}},{"ancestorTitles":["log redaction"],"fullName":"log redaction skips redaction when disabled","status":"passed","title":"skips redaction when disabled","duration":0.10809999999997899,"failureMessages":[],"meta":{}}],"startTime":1775630712251,"endTime":1775630712258.1082,"status":"passed","message":"","name":"E:/moonbit/clawteam/paperclip/server/src/__tests__/log-redaction.test.ts"},{"assertionResults":[{"ancestorTitles":["logger translateTime respects TZ environment variable"],"fullName":"logger translateTime respects TZ environment variable configures pino-pretty with SYS:HH:MM:ss so timestamps honour the TZ env var","status":"passed","title":"configures pino-pretty with SYS:HH:MM:ss so timestamps honour the TZ env var","duration":13.785799999999995,"failureMessages":[],"meta":{}},{"ancestorTitles":["logger translateTime respects TZ environment variable"],"fullName":"logger translateTime respects TZ environment variable SYS: prefix produces timezone-sensitive output: UTC epoch formats differently under UTC vs UTC+8","status":"passed","title":"SYS: prefix produces timezone-sensitive output: UTC epoch formats differently under UTC vs UTC+8","duration":19.532600000000002,"failureMessages":[],"meta":{}}],"startTime":1775630711175,"endTime":1775630711208.5327,"status":"passed","message":"","name":"E:/moonbit/clawteam/paperclip/server/src/__tests__/logger-tz.test.ts"},{"assertionResults":[],"startTime":1775630703868,"endTime":1775630703868,"status":"failed","message":"Cannot find package '@paperclipai/db' imported from 'E:/moonbit/clawteam/paperclip/server/src/services/companies.ts'","name":"E:/moonbit/clawteam/paperclip/server/src/__tests__/monthly-spend-service.test.ts"},{"assertionResults":[],"startTime":1775630703868,"endTime":1775630703868,"status":"failed","message":"Cannot find package '@paperclipai/db' imported from 'E:/moonbit/clawteam/paperclip/server/src/services/issues.ts'","name":"E:/moonbit/clawteam/paperclip/server/src/__tests__/normalize-agent-mention-token.test.ts"},{"assertionResults":[],"startTime":1775630703868,"endTime":1775630703868,"status":"failed","message":"Cannot find package '@paperclipai/adapter-openclaw-gateway/server' imported from 'E:/moonbit/clawteam/paperclip/server/src/__tests__/openclaw-gateway-adapter.test.ts'","name":"E:/moonbit/clawteam/paperclip/server/src/__tests__/openclaw-gateway-adapter.test.ts"},{"assertionResults":[],"startTime":1775630703868,"endTime":1775630703868,"status":"failed","message":"Cannot find package '@paperclipai/db' imported from 'E:/moonbit/clawteam/paperclip/server/src/__tests__/openclaw-invite-prompt-route.test.ts'","name":"E:/moonbit/clawteam/paperclip/server/src/__tests__/openclaw-invite-prompt-route.test.ts"},{"assertionResults":[],"startTime":1775630703868,"endTime":1775630703868,"status":"failed","message":"Cannot find package '@paperclipai/adapter-opencode-local/server' imported from 'E:/moonbit/clawteam/paperclip/server/src/__tests__/opencode-local-adapter-environment.test.ts'","name":"E:/moonbit/clawteam/paperclip/server/src/__tests__/opencode-local-adapter-environment.test.ts"},{"assertionResults":[],"startTime":1775630703868,"endTime":1775630703868,"status":"failed","message":"Cannot find package '@paperclipai/adapter-opencode-local/server' imported from 'E:/moonbit/clawteam/paperclip/server/src/__tests__/opencode-local-adapter.test.ts'","name":"E:/moonbit/clawteam/paperclip/server/src/__tests__/opencode-local-adapter.test.ts"},{"assertionResults":[],"startTime":1775630703868,"endTime":1775630703868,"status":"failed","message":"Cannot find package '@paperclipai/adapter-opencode-local/server' imported from 'E:/moonbit/clawteam/paperclip/server/src/__tests__/opencode-local-skill-sync.test.ts'","name":"E:/moonbit/clawteam/paperclip/server/src/__tests__/opencode-local-skill-sync.test.ts"},{"assertionResults":[],"startTime":1775630703868,"endTime":1775630703868,"status":"failed","message":"Cannot find package '@paperclipai/shared' imported from 'E:/moonbit/clawteam/paperclip/server/src/config-file.ts'","name":"E:/moonbit/clawteam/paperclip/server/src/__tests__/paperclip-env.test.ts"},{"assertionResults":[],"startTime":1775630703868,"endTime":1775630703868,"status":"failed","message":"Cannot find package '@paperclipai/adapter-utils/server-utils' imported from 'E:/moonbit/clawteam/paperclip/server/src/__tests__/paperclip-skill-utils.test.ts'","name":"E:/moonbit/clawteam/paperclip/server/src/__tests__/paperclip-skill-utils.test.ts"},{"assertionResults":[],"startTime":1775630703868,"endTime":1775630703868,"status":"failed","message":"Cannot find package '@paperclipai/adapter-pi-local/server' imported from 'E:/moonbit/clawteam/paperclip/server/src/__tests__/pi-local-adapter-environment.test.ts'","name":"E:/moonbit/clawteam/paperclip/server/src/__tests__/pi-local-adapter-environment.test.ts"},{"assertionResults":[],"startTime":1775630703868,"endTime":1775630703868,"status":"failed","message":"Cannot find package '@paperclipai/adapter-pi-local/server' imported from 'E:/moonbit/clawteam/paperclip/server/src/__tests__/pi-local-execute.test.ts'","name":"E:/moonbit/clawteam/paperclip/server/src/__tests__/pi-local-execute.test.ts"},{"assertionResults":[],"startTime":1775630703868,"endTime":1775630703868,"status":"failed","message":"Cannot find package '@paperclipai/adapter-pi-local/server' imported from 'E:/moonbit/clawteam/paperclip/server/src/__tests__/pi-local-skill-sync.test.ts'","name":"E:/moonbit/clawteam/paperclip/server/src/__tests__/pi-local-skill-sync.test.ts"},{"assertionResults":[],"startTime":1775630703868,"endTime":1775630703868,"status":"failed","message":"Cannot find package '@paperclipai/shared' imported from 'E:/moonbit/clawteam/paperclip/server/src/config-file.ts'","name":"E:/moonbit/clawteam/paperclip/server/src/__tests__/plugin-dev-watcher.test.ts"},{"assertionResults":[],"startTime":1775630703868,"endTime":1775630703868,"status":"failed","message":"Cannot find package '@paperclipai/db' imported from 'E:/moonbit/clawteam/paperclip/server/src/services/plugin-host-services.ts'","name":"E:/moonbit/clawteam/paperclip/server/src/__tests__/plugin-telemetry-bridge.test.ts"},{"assertionResults":[],"startTime":1775630703868,"endTime":1775630703868,"status":"failed","message":"Cannot find package '@paperclipai/plugin-sdk' imported from 'E:/moonbit/clawteam/paperclip/server/src/services/plugin-worker-manager.ts'","name":"E:/moonbit/clawteam/paperclip/server/src/__tests__/plugin-worker-manager.test.ts"},{"assertionResults":[{"ancestorTitles":["privateHostnameGuard"],"fullName":"privateHostnameGuard allows requests when disabled","status":"passed","title":"allows requests when disabled","duration":24.34590000000003,"failureMessages":[],"meta":{}},{"ancestorTitles":["privateHostnameGuard"],"fullName":"privateHostnameGuard allows loopback hostnames","status":"passed","title":"allows loopback hostnames","duration":5.782600000000002,"failureMessages":[],"meta":{}},{"ancestorTitles":["privateHostnameGuard"],"fullName":"privateHostnameGuard allows explicitly configured hostnames","status":"passed","title":"allows explicitly configured hostnames","duration":3.2462000000000444,"failureMessages":[],"meta":{}},{"ancestorTitles":["privateHostnameGuard"],"fullName":"privateHostnameGuard blocks unknown hostnames with remediation command","status":"passed","title":"blocks unknown hostnames with remediation command","duration":3.3519999999998618,"failureMessages":[],"meta":{}},{"ancestorTitles":["privateHostnameGuard"],"fullName":"privateHostnameGuard blocks unknown hostnames on page routes with plain-text remediation command","status":"passed","title":"blocks unknown hostnames on page routes with plain-text remediation command","duration":3.9592999999999847,"failureMessages":[],"meta":{}}],"startTime":1775630713169,"endTime":1775630713209.9592,"status":"passed","message":"","name":"E:/moonbit/clawteam/paperclip/server/src/__tests__/private-hostname-guard.test.ts"},{"assertionResults":[],"startTime":1775630703868,"endTime":1775630703868,"status":"failed","message":"Cannot find package '@paperclipai/shared' imported from 'E:/moonbit/clawteam/paperclip/server/src/routes/projects.ts'","name":"E:/moonbit/clawteam/paperclip/server/src/__tests__/project-goal-telemetry-routes.test.ts"},{"assertionResults":[{"ancestorTitles":["project env routes"],"fullName":"project env routes normalizes env bindings on create and logs only env keys","status":"failed","title":"normalizes env bindings on create and logs only env keys","duration":89.16369999999984,"failureMessages":["Error: Cannot find package '@paperclipai/shared' imported from 'E:/moonbit/clawteam/paperclip/server/src/routes/projects.ts'\n    at VitestExecutor._fetchModule (file:///E:/moonbit/clawteam/paperclip/node_modules/vite-node/dist/client.mjs:247:19)\n    at processTicksAndRejections (node:internal/process/task_queues:104:5)\n    at VitestExecutor.directRequest (file:///E:/moonbit/clawteam/paperclip/node_modules/vite-node/dist/client.mjs:268:44)\n    at VitestExecutor.cachedRequest (file:///E:/moonbit/clawteam/paperclip/node_modules/vite-node/dist/client.mjs:189:11)\n    at VitestExecutor.dependencyRequest (file:///E:/moonbit/clawteam/paperclip/node_modules/vite-node/dist/client.mjs:239:10)\n    at E:\\moonbit\\clawteam\\paperclip\\server\\src\\routes\\projects.ts:3:1\n    at VitestExecutor.runModule (file:///E:/moonbit/clawteam/paperclip/node_modules/vite-node/dist/client.mjs:397:4)\n    at VitestExecutor.directRequest (file:///E:/moonbit/clawteam/paperclip/node_modules/vite-node/dist/client.mjs:375:3)\n    at VitestExecutor.cachedRequest (file:///E:/moonbit/clawteam/paperclip/node_modules/vite-node/dist/client.mjs:189:11)\n    at VitestExecutor.dependencyRequest (file:///E:/moonbit/clawteam/paperclip/node_modules/vite-node/dist/client.mjs:239:10)"],"meta":{}},{"ancestorTitles":["project env routes"],"fullName":"project env routes normalizes env bindings on update and avoids logging raw values","status":"failed","title":"normalizes env bindings on update and avoids logging raw values","duration":1.376700000000028,"failureMessages":["Error: Cannot find package '@paperclipai/shared' imported from 'E:/moonbit/clawteam/paperclip/server/src/routes/projects.ts'\n    at VitestExecutor._fetchModule (file:///E:/moonbit/clawteam/paperclip/node_modules/vite-node/dist/client.mjs:247:19)\n    at processTicksAndRejections (node:internal/process/task_queues:104:5)\n    at VitestExecutor.directRequest (file:///E:/moonbit/clawteam/paperclip/node_modules/vite-node/dist/client.mjs:268:44)\n    at VitestExecutor.cachedRequest (file:///E:/moonbit/clawteam/paperclip/node_modules/vite-node/dist/client.mjs:189:11)\n    at VitestExecutor.dependencyRequest (file:///E:/moonbit/clawteam/paperclip/node_modules/vite-node/dist/client.mjs:239:10)\n    at E:\\moonbit\\clawteam\\paperclip\\server\\src\\routes\\projects.ts:3:1\n    at VitestExecutor.runModule (file:///E:/moonbit/clawteam/paperclip/node_modules/vite-node/dist/client.mjs:397:4)\n    at VitestExecutor.directRequest (file:///E:/moonbit/clawteam/paperclip/node_modules/vite-node/dist/client.mjs:375:3)\n    at VitestExecutor.cachedRequest (file:///E:/moonbit/clawteam/paperclip/node_modules/vite-node/dist/client.mjs:189:11)\n    at VitestExecutor.dependencyRequest (file:///E:/moonbit/clawteam/paperclip/node_modules/vite-node/dist/client.mjs:239:10)"],"meta":{}}],"startTime":1775630708998,"endTime":1775630709089.3767,"status":"failed","message":"","name":"E:/moonbit/clawteam/paperclip/server/src/__tests__/project-routes-env.test.ts"},{"assertionResults":[],"startTime":1775630703868,"endTime":1775630703868,"status":"failed","message":"Cannot find package '@paperclipai/db' imported from 'E:/moonbit/clawteam/paperclip/server/src/services/projects.ts'","name":"E:/moonbit/clawteam/paperclip/server/src/__tests__/project-shortname-resolution.test.ts"},{"assertionResults":[{"ancestorTitles":["fetchAllQuotaWindows"],"fullName":"fetchAllQuotaWindows returns adapter results without waiting for a slower provider to finish forever","status":"passed","title":"returns adapter results without waiting for a slower provider to finish forever","duration":5.893300000000011,"failureMessages":[],"meta":{}}],"startTime":1775630713738,"endTime":1775630713743.8933,"status":"passed","message":"","name":"E:/moonbit/clawteam/paperclip/server/src/__tests__/quota-windows-service.test.ts"},{"assertionResults":[],"startTime":1775630703868,"endTime":1775630703868,"status":"failed","message":"Cannot find package '@paperclipai/adapter-claude-local/server' imported from 'E:/moonbit/clawteam/paperclip/server/src/__tests__/quota-windows.test.ts'","name":"E:/moonbit/clawteam/paperclip/server/src/__tests__/quota-windows.test.ts"},{"assertionResults":[{"ancestorTitles":["redaction"],"fullName":"redaction redacts sensitive keys and nested secret values","status":"passed","title":"redacts sensitive keys and nested secret values","duration":2.5469000000000506,"failureMessages":[],"meta":{}},{"ancestorTitles":["redaction"],"fullName":"redaction redacts jwt-looking values even when key name is not sensitive","status":"passed","title":"redacts jwt-looking values even when key name is not sensitive","duration":0.27120000000002165,"failureMessages":[],"meta":{}},{"ancestorTitles":["redaction"],"fullName":"redaction redacts payload objects while preserving null","status":"passed","title":"redacts payload objects while preserving null","duration":0.35429999999996653,"failureMessages":[],"meta":{}}],"startTime":1775630713234,"endTime":1775630713236.5469,"status":"passed","message":"","name":"E:/moonbit/clawteam/paperclip/server/src/__tests__/redaction.test.ts"},{"assertionResults":[],"startTime":1775630703868,"endTime":1775630703868,"status":"failed","message":"Cannot find package '@paperclipai/db' imported from 'E:/moonbit/clawteam/paperclip/server/src/__tests__/routine-run-telemetry.test.ts'","name":"E:/moonbit/clawteam/paperclip/server/src/__tests__/routine-run-telemetry.test.ts"},{"assertionResults":[],"startTime":1775630703868,"endTime":1775630703868,"status":"failed","message":"Cannot find package '@paperclipai/db' imported from 'E:/moonbit/clawteam/paperclip/server/src/__tests__/routines-e2e.test.ts'","name":"E:/moonbit/clawteam/paperclip/server/src/__tests__/routines-e2e.test.ts"},{"assertionResults":[],"startTime":1775630703868,"endTime":1775630703868,"status":"failed","message":"Cannot find package '@paperclipai/shared' imported from 'E:/moonbit/clawteam/paperclip/server/src/routes/routines.ts'","name":"E:/moonbit/clawteam/paperclip/server/src/__tests__/routines-routes.test.ts"},{"assertionResults":[],"startTime":1775630703868,"endTime":1775630703868,"status":"failed","message":"Cannot find package '@paperclipai/db' imported from 'E:/moonbit/clawteam/paperclip/server/src/__tests__/routines-service.test.ts'","name":"E:/moonbit/clawteam/paperclip/server/src/__tests__/routines-service.test.ts"},{"assertionResults":[],"startTime":1775630703868,"endTime":1775630703868,"status":"failed","message":"Cannot find package '@paperclipai/shared/telemetry' imported from 'E:/moonbit/clawteam/paperclip/server/src/telemetry.ts'","name":"E:/moonbit/clawteam/paperclip/server/src/__tests__/server-startup-feedback-export.test.ts"},{"assertionResults":[{"ancestorTitles":["local disk storage provider"],"fullName":"local disk storage provider round-trips bytes through storage service","status":"passed","title":"round-trips bytes through storage service","duration":22.22429999999997,"failureMessages":[],"meta":{}},{"ancestorTitles":["local disk storage provider"],"fullName":"local disk storage provider blocks cross-company object access","status":"passed","title":"blocks cross-company object access","duration":8.394700000000057,"failureMessages":[],"meta":{}},{"ancestorTitles":["local disk storage provider"],"fullName":"local disk storage provider delete is idempotent","status":"passed","title":"delete is idempotent","duration":7.897299999999973,"failureMessages":[],"meta":{}}],"startTime":1775630711916,"endTime":1775630711954.8972,"status":"passed","message":"","name":"E:/moonbit/clawteam/paperclip/server/src/__tests__/storage-local-provider.test.ts"},{"assertionResults":[{"ancestorTitles":["TelemetryClient periodic flush"],"fullName":"TelemetryClient periodic flush flushes queued events on interval","status":"passed","title":"flushes queued events on interval","duration":9.147299999999973,"failureMessages":[],"meta":{}},{"ancestorTitles":["TelemetryClient periodic flush"],"fullName":"TelemetryClient periodic flush stop() prevents further flushes","status":"passed","title":"stop() prevents further flushes","duration":0.6791999999999234,"failureMessages":[],"meta":{}},{"ancestorTitles":["TelemetryClient periodic flush"],"fullName":"TelemetryClient periodic flush startPeriodicFlush is idempotent","status":"passed","title":"startPeriodicFlush is idempotent","duration":0.38599999999996726,"failureMessages":[],"meta":{}}],"startTime":1775630711969,"endTime":1775630711979.386,"status":"passed","message":"","name":"E:/moonbit/clawteam/paperclip/server/src/__tests__/telemetry-client-flush.test.ts"},{"assertionResults":[{"ancestorTitles":["ui branding"],"fullName":"ui branding detects worktree mode from PAPERCLIP_IN_WORKTREE","status":"passed","title":"detects worktree mode from PAPERCLIP_IN_WORKTREE","duration":1.4980000000000473,"failureMessages":[],"meta":{}},{"ancestorTitles":["ui branding"],"fullName":"ui branding resolves name, color, and text color for worktree branding","status":"passed","title":"resolves name, color, and text color for worktree branding","duration":0.8899000000000115,"failureMessages":[],"meta":{}},{"ancestorTitles":["ui branding"],"fullName":"ui branding renders a dynamic worktree favicon when enabled","status":"passed","title":"renders a dynamic worktree favicon when enabled","duration":0.3325999999999567,"failureMessages":[],"meta":{}},{"ancestorTitles":["ui branding"],"fullName":"ui branding renders runtime branding metadata for the ui","status":"passed","title":"renders runtime branding metadata for the ui","duration":0.29379999999991924,"failureMessages":[],"meta":{}},{"ancestorTitles":["ui branding"],"fullName":"ui branding rewrites the favicon and runtime branding blocks for worktree instances only","status":"passed","title":"rewrites the favicon and runtime branding blocks for worktree instances only","duration":0.4800999999999931,"failureMessages":[],"meta":{}}],"startTime":1775630711523,"endTime":1775630711527.48,"status":"passed","message":"","name":"E:/moonbit/clawteam/paperclip/server/src/__tests__/ui-branding.test.ts"},{"assertionResults":[],"startTime":1775630703868,"endTime":1775630703868,"status":"failed","message":"Cannot find package '@paperclipai/db' imported from 'E:/moonbit/clawteam/paperclip/server/src/services/work-products.ts'","name":"E:/moonbit/clawteam/paperclip/server/src/__tests__/work-products.test.ts"},{"assertionResults":[],"startTime":1775630703868,"endTime":1775630703868,"status":"failed","message":"Cannot find package '@paperclipai/db' imported from 'E:/moonbit/clawteam/paperclip/server/src/__tests__/workspace-runtime.test.ts'","name":"E:/moonbit/clawteam/paperclip/server/src/__tests__/workspace-runtime.test.ts"},{"assertionResults":[{"ancestorTitles":["worktree config repair"],"fullName":"worktree config repair repairs legacy repo-local worktree config and env files into an isolated instance","status":"passed","title":"repairs legacy repo-local worktree config and env files into an isolated instance","duration":13.010899999999992,"failureMessages":[],"meta":{}},{"ancestorTitles":["worktree config repair"],"fullName":"worktree config repair avoids sibling worktree ports when repairing legacy configs","status":"passed","title":"avoids sibling worktree ports when repairing legacy configs","duration":10.619000000000028,"failureMessages":[],"meta":{}},{"ancestorTitles":["worktree config repair"],"fullName":"worktree config repair rebalances duplicate ports for already isolated worktree configs","status":"passed","title":"rebalances duplicate ports for already isolated worktree configs","duration":11.517600000000016,"failureMessages":[],"meta":{}},{"ancestorTitles":["worktree config repair"],"fullName":"worktree config repair persists runtime-selected worktree ports back into config","status":"passed","title":"persists runtime-selected worktree ports back into config","duration":7.521600000000035,"failureMessages":[],"meta":{}},{"ancestorTitles":["worktree config repair"],"fullName":"worktree config repair can update the in-memory config without rewriting env-driven ports","status":"passed","title":"can update the in-memory config without rewriting env-driven ports","duration":1.3024000000000342,"failureMessages":[],"meta":{}}],"startTime":1775630705564,"endTime":1775630705608.3025,"status":"passed","message":"","name":"E:/moonbit/clawteam/paperclip/server/src/__tests__/worktree-config.test.ts"}]}
